<?xml version="1.0" encoding="UTF-8"?>
<!-- Generated by org.testng.reporters.JUnitReportReporter -->
<testsuite hostname="DESKTOP-23937PA" failures="0" tests="1" name="com.PracticeRestAPIwithBDD.CreateProject" time="5.015" errors="0" timestamp="2023-08-03T21:23:21 IST" skipped="0">
  <testcase classname="com.PracticeRestAPIwithBDD.CreateProject" name="Create" time="5.015"/>
  <system-out/>
</testsuite> <!-- com.PracticeRestAPIwithBDD.CreateProject -->
